<?xml version="1.0" encoding="UTF-8"?>
<!-- Generated by org.testng.reporters.JUnitReportReporter -->
<testsuite hostname="Rabab" name="com.models.NewTest" tests="1" failures="0" timestamp="5 May 2016 14:50:01 GMT" time="0.384" errors="0">
  <testcase name="addPlace" time="0.384" classname="com.models.NewTest"/>
</testsuite> <!-- com.models.NewTest -->
